<?xml version="1.0" encoding="UTF-8"?>
<testng-results skipped="0" failed="0" total="1" passed="1">
  <reporter-output>
  </reporter-output>
  <suite name="Default suite" duration-ms="31" started-at="2016-10-06T06:48:33Z" finished-at="2016-10-06T06:48:33Z">
    <groups>
    </groups>
    <test name="Default test" duration-ms="31" started-at="2016-10-06T06:48:33Z" finished-at="2016-10-06T06:48:33Z">
      <class name="example.NewTest">
        <test-method status="PASS" signature="beforeTest()[pri:0, instance:example.NewTest@1bca5f1]" name="beforeTest" is-config="true" duration-ms="0" started-at="2016-10-06T12:18:33Z" finished-at="2016-10-06T12:18:33Z">
          <reporter-output>
          </reporter-output>
        </test-method> <!-- beforeTest -->
        <test-method status="PASS" signature="afterTest()[pri:0, instance:example.NewTest@1bca5f1]" name="afterTest" is-config="true" duration-ms="0" started-at="2016-10-06T12:18:33Z" finished-at="2016-10-06T12:18:33Z">
          <reporter-output>
          </reporter-output>
        </test-method> <!-- afterTest -->
        <test-method status="PASS" signature="f()[pri:0, instance:example.NewTest@1bca5f1]" name="f" duration-ms="0" started-at="2016-10-06T12:18:33Z" finished-at="2016-10-06T12:18:33Z">
          <reporter-output>
          </reporter-output>
        </test-method> <!-- f -->
      </class> <!-- example.NewTest -->
    </test> <!-- Default test -->
  </suite> <!-- Default suite -->
</testng-results>
