<?xml version="1.0" encoding="UTF-8"?>
<testng-results skipped="0" failed="0" total="2" passed="2">
  <reporter-output>
  </reporter-output>
  <suite name="Default suite" duration-ms="29" started-at="2016-10-12T08:06:09Z" finished-at="2016-10-12T08:06:09Z">
    <groups>
    </groups>
    <test name="Default test" duration-ms="29" started-at="2016-10-12T08:06:09Z" finished-at="2016-10-12T08:06:09Z">
      <class name="example.NewTest1">
        <test-method status="PASS" signature="f()[pri:0, instance:example.NewTest1@329f3d]" name="f" duration-ms="0" started-at="2016-10-12T13:36:09Z" finished-at="2016-10-12T13:36:09Z">
          <reporter-output>
          </reporter-output>
        </test-method> <!-- f -->
      </class> <!-- example.NewTest1 -->
      <class name="example.NewTest">
        <test-method status="PASS" signature="beforeTest()[pri:0, instance:example.NewTest@6f7ce9]" name="beforeTest" is-config="true" duration-ms="12" started-at="2016-10-12T13:36:09Z" finished-at="2016-10-12T13:36:09Z">
          <reporter-output>
          </reporter-output>
        </test-method> <!-- beforeTest -->
        <test-method status="PASS" signature="beforeTest()[pri:0, instance:example.NewTest1@329f3d]" name="beforeTest" is-config="true" duration-ms="1" started-at="2016-10-12T13:36:09Z" finished-at="2016-10-12T13:36:09Z">
          <reporter-output>
          </reporter-output>
        </test-method> <!-- beforeTest -->
        <test-method status="PASS" signature="f()[pri:0, instance:example.NewTest@6f7ce9]" name="f" duration-ms="1" started-at="2016-10-12T13:36:09Z" finished-at="2016-10-12T13:36:09Z">
          <reporter-output>
          </reporter-output>
        </test-method> <!-- f -->
        <test-method status="PASS" signature="afterTest()[pri:0, instance:example.NewTest@6f7ce9]" name="afterTest" is-config="true" duration-ms="0" started-at="2016-10-12T13:36:09Z" finished-at="2016-10-12T13:36:09Z">
          <reporter-output>
          </reporter-output>
        </test-method> <!-- afterTest -->
        <test-method status="PASS" signature="afterTest()[pri:0, instance:example.NewTest1@329f3d]" name="afterTest" is-config="true" duration-ms="1" started-at="2016-10-12T13:36:09Z" finished-at="2016-10-12T13:36:09Z">
          <reporter-output>
          </reporter-output>
        </test-method> <!-- afterTest -->
      </class> <!-- example.NewTest -->
    </test> <!-- Default test -->
  </suite> <!-- Default suite -->
</testng-results>
